[0.645s] Invoking command in '/home/abdelrahman/Desktop/ROS/ROS2/build/my_robot_controller': PYTHONPATH=/home/abdelrahman/Desktop/ROS/ROS2/build/my_robot_controller/prefix_override:/home/abdelrahman/Desktop/ROS/ROS2/install/my_robot_controller/lib/python3.10/site-packages:${PYTHONPATH} /usr/bin/python3 setup.py develop --editable --build-directory /home/abdelrahman/Desktop/ROS/ROS2/build/my_robot_controller/build --no-deps install_data
[0.864s] running develop
[1.010s] running egg_info
[1.011s] writing my_robot_controller.egg-info/PKG-INFO
[1.011s] writing dependency_links to my_robot_controller.egg-info/dependency_links.txt
[1.011s] writing entry points to my_robot_controller.egg-info/entry_points.txt
[1.011s] writing requirements to my_robot_controller.egg-info/requires.txt
[1.011s] writing top-level names to my_robot_controller.egg-info/top_level.txt
[1.012s] reading manifest file 'my_robot_controller.egg-info/SOURCES.txt'
[1.057s] writing manifest file 'my_robot_controller.egg-info/SOURCES.txt'
[1.058s] running build_ext
[1.058s] Creating /home/abdelrahman/Desktop/ROS/ROS2/install/my_robot_controller/lib/python3.10/site-packages/my-robot-controller.egg-link (link to .)
[1.059s] Installing draw_circle script to /home/abdelrahman/Desktop/ROS/ROS2/install/my_robot_controller/lib/my_robot_controller
[1.059s] Installing pose_subscriber script to /home/abdelrahman/Desktop/ROS/ROS2/install/my_robot_controller/lib/my_robot_controller
[1.059s] Installing test_node script to /home/abdelrahman/Desktop/ROS/ROS2/install/my_robot_controller/lib/my_robot_controller
[1.059s] Installing turtle_controller script to /home/abdelrahman/Desktop/ROS/ROS2/install/my_robot_controller/lib/my_robot_controller
[1.059s] Installing turtle_spawn_game script to /home/abdelrahman/Desktop/ROS/ROS2/install/my_robot_controller/lib/my_robot_controller
[1.059s] 
[1.060s] Installed /home/abdelrahman/Desktop/ROS/ROS2/build/my_robot_controller
[1.060s] running install_data
[1.078s] Invoked command in '/home/abdelrahman/Desktop/ROS/ROS2/build/my_robot_controller' returned '0': PYTHONPATH=/home/abdelrahman/Desktop/ROS/ROS2/build/my_robot_controller/prefix_override:/home/abdelrahman/Desktop/ROS/ROS2/install/my_robot_controller/lib/python3.10/site-packages:${PYTHONPATH} /usr/bin/python3 setup.py develop --editable --build-directory /home/abdelrahman/Desktop/ROS/ROS2/build/my_robot_controller/build --no-deps install_data
