[0.694s] Invoking command in '/home/abdelrahman/Desktop/ROS/ROS2/build/my_robot_controller': PYTHONPATH=/home/abdelrahman/Desktop/ROS/ROS2/build/my_robot_controller/prefix_override:/home/abdelrahman/Desktop/ROS/ROS2/install/my_robot_controller/lib/python3.10/site-packages:${PYTHONPATH} /usr/bin/python3 setup.py develop --editable --build-directory /home/abdelrahman/Desktop/ROS/ROS2/build/my_robot_controller/build --no-deps install_data
[0.911s] running develop
[1.058s] running egg_info
[1.058s] writing my_robot_controller.egg-info/PKG-INFO
[1.058s] writing dependency_links to my_robot_controller.egg-info/dependency_links.txt
[1.058s] writing entry points to my_robot_controller.egg-info/entry_points.txt
[1.058s] writing requirements to my_robot_controller.egg-info/requires.txt
[1.059s] writing top-level names to my_robot_controller.egg-info/top_level.txt
[1.060s] reading manifest file 'my_robot_controller.egg-info/SOURCES.txt'
[1.103s] writing manifest file 'my_robot_controller.egg-info/SOURCES.txt'
[1.104s] running build_ext
[1.104s] Creating /home/abdelrahman/Desktop/ROS/ROS2/install/my_robot_controller/lib/python3.10/site-packages/my-robot-controller.egg-link (link to .)
[1.105s] Installing draw_circle script to /home/abdelrahman/Desktop/ROS/ROS2/install/my_robot_controller/lib/my_robot_controller
[1.105s] Installing pose_subscriber script to /home/abdelrahman/Desktop/ROS/ROS2/install/my_robot_controller/lib/my_robot_controller
[1.105s] Installing test_node script to /home/abdelrahman/Desktop/ROS/ROS2/install/my_robot_controller/lib/my_robot_controller
[1.105s] Installing turtle_controller script to /home/abdelrahman/Desktop/ROS/ROS2/install/my_robot_controller/lib/my_robot_controller
[1.106s] Installing turtle_spawn_game script to /home/abdelrahman/Desktop/ROS/ROS2/install/my_robot_controller/lib/my_robot_controller
[1.106s] 
[1.106s] Installed /home/abdelrahman/Desktop/ROS/ROS2/build/my_robot_controller
[1.106s] running install_data
[1.124s] Invoked command in '/home/abdelrahman/Desktop/ROS/ROS2/build/my_robot_controller' returned '0': PYTHONPATH=/home/abdelrahman/Desktop/ROS/ROS2/build/my_robot_controller/prefix_override:/home/abdelrahman/Desktop/ROS/ROS2/install/my_robot_controller/lib/python3.10/site-packages:${PYTHONPATH} /usr/bin/python3 setup.py develop --editable --build-directory /home/abdelrahman/Desktop/ROS/ROS2/build/my_robot_controller/build --no-deps install_data
